Authorized using stored user info.
stderr: 'rm' is not recognized as an internal or external command,
operable program or batch file.

Exporting assets from Unity.......

[ Stage1 ] Assets exported from Unity and staged for further processing
Using D:/GreenKnight/LunaSample_Gsk/Assets/Game/Font/UTM Facebook_edit.otf file to generate an atlas for UTM Facebook_edit[101972] font
  Using alphabet  §1234567890-=qwertyuiop[]asdfghjkl;'\`zxcvbnm,./±!@#$%^&*()_+QWERTYUIOP{}ASDFGHJKL:"|~ZXCVBNM<>?
Combined 97 glyphs into bitmap texture at D:/GreenKnight/LunaSample_Gsk/LunaTemp/stage1/tmp/fonts/UTM Facebook_edit-101972/output_0.png (56kb)
Resources:
{}
[ Stage2 ] Assets postprocessed and bundled successfully
Authorized using stored user info.
Microsoft (R) Build Engine version 16.11.2+f32259642 for .NET Framework
Copyright (C) Microsoft Corporation. All rights reserved.


Build started 23/10/2023 5:32:16 PM.

Project "D:\5.3.0\pipeline\templates\LunaCompiler\Scripts\Scripts.csproj" on node 1 (Rebuild target(s)).

CoreClean:
  Deleting file "D:\5.3.0\pipeline\templates\LunaCompiler\Scripts\bin\Debug\UnityScriptsCompiler.dll".

  Deleting file "D:\5.3.0\pipeline\templates\LunaCompiler\Scripts\bin\Debug\UnityScriptsCompiler.pdb".

  Deleting file "D:\5.3.0\pipeline\templates\LunaCompiler\Scripts\bin\Debug\Bridge.dll".

  Deleting file "D:\5.3.0\pipeline\templates\LunaCompiler\Scripts\bin\Debug\Bridge.Html5.dll".

  Deleting file "D:\5.3.0\pipeline\templates\LunaCompiler\Scripts\bin\Debug\Bridge.WebGL.dll".

  Deleting file "D:\5.3.0\pipeline\templates\LunaCompiler\Scripts\bin\Debug\DOTween.dll".

  Deleting file "D:\5.3.0\pipeline\templates\LunaCompiler\Scripts\bin\Debug\JetBrains.dll".

  Deleting file "D:\5.3.0\pipeline\templates\LunaCompiler\Scripts\bin\Debug\Newtonsoft.Json.dll".

  Deleting file "D:\5.3.0\pipeline\templates\LunaCompiler\Scripts\bin\Debug\Retyped.Core.dll".

  Deleting file "D:\5.3.0\pipeline\templates\LunaCompiler\Scripts\bin\Debug\Retyped.dom.dll".

  Deleting file "D:\5.3.0\pipeline\templates\LunaCompiler\Scripts\bin\Debug\Retyped.es5.dll".

  Deleting file "D:\5.3.0\pipeline\templates\LunaCompiler\Scripts\bin\Debug\Retyped.scripthost.dll".

  Deleting file "D:\5.3.0\pipeline\templates\LunaCompiler\Scripts\bin\Debug\TextMeshPro.dll".

  Deleting file "D:\5.3.0\pipeline\templates\LunaCompiler\Scripts\bin\Debug\UnityEngine.dll".

  Deleting file "D:\5.3.0\pipeline\templates\LunaCompiler\Scripts\bin\Debug\UnityEngine.UI.dll".

  Deleting file "D:\5.3.0\pipeline\templates\LunaCompiler\Scripts\bin\Debug\UnityEngine.UniversalRenderPipeline.dll".

  Deleting file "D:\5.3.0\pipeline\templates\LunaCompiler\Scripts\bin\Debug\Bridge.xml".

  Deleting file "D:\5.3.0\pipeline\templates\LunaCompiler\Scripts\bin\Debug\Bridge.Html5.xml".

  Deleting file "D:\5.3.0\pipeline\templates\LunaCompiler\Scripts\bin\Debug\Bridge.WebGL.xml".

  Deleting file "D:\5.3.0\pipeline\templates\LunaCompiler\Scripts\bin\Debug\Newtonsoft.Json.xml".

  Deleting file "D:\5.3.0\pipeline\templates\LunaCompiler\Scripts\bin\Debug\Retyped.Core.xml".

  Deleting file "D:\5.3.0\pipeline\templates\LunaCompiler\Scripts\bin\Debug\Retyped.dom.xml".

  Deleting file "D:\5.3.0\pipeline\templates\LunaCompiler\Scripts\bin\Debug\Retyped.es5.xml".

  Deleting file "D:\5.3.0\pipeline\templates\LunaCompiler\Scripts\bin\Debug\Retyped.scripthost.xml".

  Deleting file "D:\5.3.0\pipeline\templates\LunaCompiler\Scripts\obj\Debug\Scripts.csproj.AssemblyReference.cache".

  Deleting file "D:\5.3.0\pipeline\templates\LunaCompiler\Scripts\obj\Debug\Scripts.csproj.CoreCompileInputs.cache".

  Deleting file "D:\5.3.0\pipeline\templates\LunaCompiler\Scripts\obj\Debug\Scripts.csproj.CopyComplete".

  Deleting file "D:\5.3.0\pipeline\templates\LunaCompiler\Scripts\obj\Debug\UnityScriptsCompiler.dll".

  Deleting file "D:\5.3.0\pipeline\templates\LunaCompiler\Scripts\obj\Debug\UnityScriptsCompiler.pdb".

GenerateTargetFrameworkMonikerAttribute:
Skipping target "GenerateTargetFrameworkMonikerAttribute" because all output files are up-to-date with respect to the input files.

CoreCompile:

  C:\Program Files (x86)\Microsoft Visual Studio\2019\Community\MSBuild\Current\Bin\Roslyn\csc.exe /noconfig /nowarn:CS0626,1701,1702 /fullpaths /nostdlib+ /errorreport:prompt /warn:4 /define:UNITY_LUNA;CSHARP_7_OR_LATER;CSHARP_7_3_OR_NEWER;UNITY_5_3_OR_NEWER;UNITY_5_4_OR_NEWER;UNITY_5_5_OR_NEWER;UNITY_2020;UNITY_2017_1_OR_NEWER;UNITY_2017_2_OR_NEWER;UNITY_2017_3_OR_NEWER;UNITY_2017_4_OR_NEWER;UNITY_2018_1_OR_NEWER;UNITY_2018_2_OR_NEWER;UNITY_2018_3_OR_NEWER;UNITY_2018_4_OR_NEWER;UNITY_2019_1_OR_NEWER;UNITY_2019_2_OR_NEWER;UNITY_2019_3_OR_NEWER;UNITY_2019_4_OR_NEWER;UNITY_2020_1_OR_NEWER;UNITY_2020_2_OR_NEWER;UNITY_2020_3_OR_NEWER;UNITY_2020_3;UNITY_2020_3_42 /highentropyva+ /reference:D:\5.3.0\pipeline\templates\LunaCompiler\packages\Bridge.Core.17.9.38-luna\lib\net40\Bridge.dll /reference:D:\5.3.0\pipeline\templates\LunaCompiler\packages\Bridge.Html5.17.9.0\lib\net40\Bridge.Html5.dll /reference:D:\5.3.0\pipeline\templates\LunaCompiler\packages\Bridge.WebGL.1.22.0\lib\net40\Bridge.WebGL.dll /reference:D:\5.3.0\pipeline\templates\LunaCompiler\packages\DOTween.1.2.705\lib\net40\DOTween.dll /reference:D:\5.3.0\pipeline\templates\LunaCompiler\packages\com.unity.ide.rider\3.0.0\JetBrains.dll /reference:D:\5.3.0\pipeline\templates\LunaCompiler\packages\Bridge.Newtonsoft.Json.1.16.0\lib\net40\Newtonsoft.Json.dll /reference:D:\5.3.0\pipeline\templates\LunaCompiler\packages\Retyped.Core.1.6.6733\lib\net40\Retyped.Core.dll /reference:D:\5.3.0\pipeline\templates\LunaCompiler\packages\Retyped.dom.2.8.6733\lib\net40\Retyped.dom.dll /reference:D:\5.3.0\pipeline\templates\LunaCompiler\packages\Retyped.es5.2.8.6733\lib\net40\Retyped.es5.dll /reference:D:\5.3.0\pipeline\templates\LunaCompiler\packages\Retyped.scripthost.2.8.6733\lib\net40\Retyped.scripthost.dll /reference:D:\5.3.0\pipeline\templates\LunaCompiler\packages\com.unity.textmeshpro\3.0.6\TextMeshPro.dll /reference:D:\5.3.0\pipeline\templates\LunaCompiler\Scripts\Vendor\UnityEngine.dll /reference:D:\5.3.0\pipeline\templates\LunaCompiler\packages\com.unity.ui\1.2.1\UnityEngine.UI.dll /reference:D:\5.3.0\pipeline\templates\LunaCompiler\packages\com.unity.urp\7.6\UnityEngine.UniversalRenderPipeline.dll /debug+ /debug:full /optimize- /out:obj\Debug\UnityScriptsCompiler.dll /subsystemversion:6.00 /target:library /warnaserror- /utf8output /langversion:7.2 D:\GreenKnight\LunaSample_Gsk\Assets\Game\Script\AnimatorExt.cs D:\GreenKnight\LunaSample_Gsk\Assets\Game\Script\GachaController.cs D:\GreenKnight\LunaSample_Gsk\Assets\Game\Script\GameController.cs D:\GreenKnight\LunaSample_Gsk\Assets\Game\Script\MyDoTween.cs D:\GreenKnight\LunaSample_Gsk\Assets\Game\Script\PlayerController.cs D:\GreenKnight\LunaSample_Gsk\Assets\Game\Script\WaitForAnimationToFinish.cs D:\GreenKnight\LunaSample_Gsk\Assets\Game\Script\WaitForAnimationToStart.cs Properties/AssemblyInfo.cs Sources/OtherDummyScript.cs "obj\Debug\.NETFramework,Version=v4.7.AssemblyAttributes.cs"

D:\GreenKnight\LunaSample_Gsk\Assets\Game\Script\MyDoTween.cs(4,7): warning CS0105: The using directive for 'System.Collections' appeared previously in this namespace [D:\5.3.0\pipeline\templates\LunaCompiler\Scripts\Scripts.csproj]

D:\GreenKnight\LunaSample_Gsk\Assets\Game\Script\GachaController.cs(8,40): warning CS0169: The field 'GachaController.transformRight' is never used [D:\5.3.0\pipeline\templates\LunaCompiler\Scripts\Scripts.csproj]

D:\GreenKnight\LunaSample_Gsk\Assets\Game\Script\GachaController.cs(9,40): warning CS0649: Field 'GachaController.arrow' is never assigned to, and will always have its default value null [D:\5.3.0\pipeline\templates\LunaCompiler\Scripts\Scripts.csproj]

D:\GreenKnight\LunaSample_Gsk\Assets\Game\Script\GachaController.cs(7,40): warning CS0649: Field 'GachaController.transformLeft' is never assigned to, and will always have its default value null [D:\5.3.0\pipeline\templates\LunaCompiler\Scripts\Scripts.csproj]

  CompilerServer: server - server processed compilation - 525acb6a-01f9-4ae6-a3bc-179f15cfc940

_CopyFilesMarkedCopyLocal:
  Copying file from "D:\5.3.0\pipeline\templates\LunaCompiler\packages\DOTween.1.2.705\lib\net40\DOTween.dll" to "D:\5.3.0\pipeline\templates\LunaCompiler\Scripts\bin\Debug\DOTween.dll".

  Copying file from "D:\5.3.0\pipeline\templates\LunaCompiler\packages\Bridge.Core.17.9.38-luna\lib\net40\Bridge.dll" to "D:\5.3.0\pipeline\templates\LunaCompiler\Scripts\bin\Debug\Bridge.dll".

  Copying file from "D:\5.3.0\pipeline\templates\LunaCompiler\packages\com.unity.ide.rider\3.0.0\JetBrains.dll" to "D:\5.3.0\pipeline\templates\LunaCompiler\Scripts\bin\Debug\JetBrains.dll".

  Copying file from "D:\5.3.0\pipeline\templates\LunaCompiler\packages\Bridge.Newtonsoft.Json.1.16.0\lib\net40\Newtonsoft.Json.dll" to "D:\5.3.0\pipeline\templates\LunaCompiler\Scripts\bin\Debug\Newtonsoft.Json.dll".

  Copying file from "D:\5.3.0\pipeline\templates\LunaCompiler\packages\Retyped.Core.1.6.6733\lib\net40\Retyped.Core.dll" to "D:\5.3.0\pipeline\templates\LunaCompiler\Scripts\bin\Debug\Retyped.Core.dll".

  Copying file from "D:\5.3.0\pipeline\templates\LunaCompiler\packages\Bridge.WebGL.1.22.0\lib\net40\Bridge.WebGL.dll" to "D:\5.3.0\pipeline\templates\LunaCompiler\Scripts\bin\Debug\Bridge.WebGL.dll".

  Copying file from "D:\5.3.0\pipeline\templates\LunaCompiler\packages\Retyped.dom.2.8.6733\lib\net40\Retyped.dom.dll" to "D:\5.3.0\pipeline\templates\LunaCompiler\Scripts\bin\Debug\Retyped.dom.dll".

  Copying file from "D:\5.3.0\pipeline\templates\LunaCompiler\packages\Retyped.es5.2.8.6733\lib\net40\Retyped.es5.dll" to "D:\5.3.0\pipeline\templates\LunaCompiler\Scripts\bin\Debug\Retyped.es5.dll".

  Copying file from "D:\5.3.0\pipeline\templates\LunaCompiler\packages\Retyped.scripthost.2.8.6733\lib\net40\Retyped.scripthost.dll" to "D:\5.3.0\pipeline\templates\LunaCompiler\Scripts\bin\Debug\Retyped.scripthost.dll".

  Copying file from "D:\5.3.0\pipeline\templates\LunaCompiler\Scripts\Vendor\UnityEngine.dll" to "D:\5.3.0\pipeline\templates\LunaCompiler\Scripts\bin\Debug\UnityEngine.dll".

  Copying file from "D:\5.3.0\pipeline\templates\LunaCompiler\packages\com.unity.ui\1.2.1\UnityEngine.UI.dll" to "D:\5.3.0\pipeline\templates\LunaCompiler\Scripts\bin\Debug\UnityEngine.UI.dll".

  Copying file from "D:\5.3.0\pipeline\templates\LunaCompiler\packages\com.unity.urp\7.6\UnityEngine.UniversalRenderPipeline.dll" to "D:\5.3.0\pipeline\templates\LunaCompiler\Scripts\bin\Debug\UnityEngine.UniversalRenderPipeline.dll".

  Copying file from "D:\5.3.0\pipeline\templates\LunaCompiler\packages\Bridge.Core.17.9.38-luna\lib\net40\Bridge.xml" to "D:\5.3.0\pipeline\templates\LunaCompiler\Scripts\bin\Debug\Bridge.xml".

  Copying file from "D:\5.3.0\pipeline\templates\LunaCompiler\packages\Bridge.Html5.17.9.0\lib\net40\Bridge.Html5.xml" to "D:\5.3.0\pipeline\templates\LunaCompiler\Scripts\bin\Debug\Bridge.Html5.xml".

  Copying file from "D:\5.3.0\pipeline\templates\LunaCompiler\packages\Bridge.Html5.17.9.0\lib\net40\Bridge.Html5.dll" to "D:\5.3.0\pipeline\templates\LunaCompiler\Scripts\bin\Debug\Bridge.Html5.dll".

  Copying file from "D:\5.3.0\pipeline\templates\LunaCompiler\packages\Bridge.WebGL.1.22.0\lib\net40\Bridge.WebGL.xml" to "D:\5.3.0\pipeline\templates\LunaCompiler\Scripts\bin\Debug\Bridge.WebGL.xml".

  Copying file from "D:\5.3.0\pipeline\templates\LunaCompiler\packages\com.unity.textmeshpro\3.0.6\TextMeshPro.dll" to "D:\5.3.0\pipeline\templates\LunaCompiler\Scripts\bin\Debug\TextMeshPro.dll".

  Copying file from "D:\5.3.0\pipeline\templates\LunaCompiler\packages\Retyped.Core.1.6.6733\lib\net40\Retyped.Core.xml" to "D:\5.3.0\pipeline\templates\LunaCompiler\Scripts\bin\Debug\Retyped.Core.xml".

  Copying file from "D:\5.3.0\pipeline\templates\LunaCompiler\packages\Retyped.dom.2.8.6733\lib\net40\Retyped.dom.xml" to "D:\5.3.0\pipeline\templates\LunaCompiler\Scripts\bin\Debug\Retyped.dom.xml".

  Copying file from "D:\5.3.0\pipeline\templates\LunaCompiler\packages\Bridge.Newtonsoft.Json.1.16.0\lib\net40\Newtonsoft.Json.xml" to "D:\5.3.0\pipeline\templates\LunaCompiler\Scripts\bin\Debug\Newtonsoft.Json.xml".

  Copying file from "D:\5.3.0\pipeline\templates\LunaCompiler\packages\Retyped.scripthost.2.8.6733\lib\net40\Retyped.scripthost.xml" to "D:\5.3.0\pipeline\templates\LunaCompiler\Scripts\bin\Debug\Retyped.scripthost.xml".

  Copying file from "D:\5.3.0\pipeline\templates\LunaCompiler\packages\Retyped.es5.2.8.6733\lib\net40\Retyped.es5.xml" to "D:\5.3.0\pipeline\templates\LunaCompiler\Scripts\bin\Debug\Retyped.es5.xml".

  Creating "D:\5.3.0\pipeline\templates\LunaCompiler\Scripts\obj\Debug\Scripts.csproj.CopyComplete" because "AlwaysCreate" was specified.

CopyFilesToOutputDirectory:
  Copying file from "D:\5.3.0\pipeline\templates\LunaCompiler\Scripts\obj\Debug\UnityScriptsCompiler.dll" to "D:\5.3.0\pipeline\templates\LunaCompiler\Scripts\bin\Debug\UnityScriptsCompiler.dll".

  Scripts -> D:\5.3.0\pipeline\templates\LunaCompiler\Scripts\bin\Debug\UnityScriptsCompiler.dll

  Copying file from "D:\5.3.0\pipeline\templates\LunaCompiler\Scripts\obj\Debug\UnityScriptsCompiler.pdb" to "D:\5.3.0\pipeline\templates\LunaCompiler\Scripts\bin\Debug\UnityScriptsCompiler.pdb".

BridgeNetCompilerTask:
  Bridge started

      To enable detailed logging, configure "logging" in bridge.json.
      https://github.com/bridgedotnet/Bridge/wiki/global-configuration#logging

  Bridge done

Done Building Project "D:\5.3.0\pipeline\templates\LunaCompiler\Scripts\Scripts.csproj" (Rebuild target(s)).



Build succeeded.



"D:\5.3.0\pipeline\templates\LunaCompiler\Scripts\Scripts.csproj" (Rebuild target) (1) ->

(CoreCompile target) -> 
  D:\GreenKnight\LunaSample_Gsk\Assets\Game\Script\MyDoTween.cs(4,7): warning CS0105: The using directive for 'System.Collections' appeared previously in this namespace [D:\5.3.0\pipeline\templates\LunaCompiler\Scripts\Scripts.csproj]
  D:\GreenKnight\LunaSample_Gsk\Assets\Game\Script\GachaController.cs(8,40): warning CS0169: The field 'GachaController.transformRight' is never used [D:\5.3.0\pipeline\templates\LunaCompiler\Scripts\Scripts.csproj]
  D:\GreenKnight\LunaSample_Gsk\Assets\Game\Script\GachaController.cs(9,40): warning CS0649: Field 'GachaController.arrow' is never assigned to, and will always have its default value null [D:\5.3.0\pipeline\templates\LunaCompiler\Scripts\Scripts.csproj]
  D:\GreenKnight\LunaSample_Gsk\Assets\Game\Script\GachaController.cs(7,40): warning CS0649: Field 'GachaController.transformLeft' is never assigned to, and will always have its default value null [D:\5.3.0\pipeline\templates\LunaCompiler\Scripts\Scripts.csproj]


    4 Warning(s)
    0 Error(s)


Time Elapsed 00:00:09.29

Source code compiled successfully!
Diagnostics gathered successfully
[ Stage3 ] Code compiled and bundled successfully.
[ Stage4 ] Target platform: playground
[ Stage4 ] Package bundled successfully
navigateto:https://assets-lunalabs-io.s3-accelerate.amazonaws.com/uploads%2Fdirect%2F798de0a2a5f91f24887045c288231d45%2F_build.zip
[ Stage4 ] Package uploaded successfully
